2010-12-24 17:22:00 - 读入文件： E:\项目\NRF24系列模块\NRF24LE1\NRF24LE_PROGAMME\Source code\projects\nrf6905_nrfready_basic_remote_control\usb_dongle\build\nrf6905_usb_dongle.hex
2010-12-24 17:22:00 - 文件长度：0x3DFF = 15871 字节 
2010-12-24 17:22:02 - 文件重载成功，长度: 15871 字节
2010-12-24 17:22:03 - Unique ID: 
2010-12-24 17:22:03 -  5A 5A FF FF FF FF FF FF FF FF FF 6A 80 FD 58 F2
2010-12-24 17:22:03 - CHIPID: 
2010-12-24 17:22:03 - 6A 80 FD 58 F2 
2010-12-24 17:22:03 - Infopage: 
2010-12-24 17:22:03 - 0x20: FF (NUPP)
2010-12-24 17:22:03 - 0x21: FF (DAEN)
2010-12-24 17:22:03 - 0x22: FF (RDISIP)
2010-12-24 17:22:03 - 0x23: FF (RDISMB)
2010-12-24 17:22:03 - 0x24: FF (ENDEBUG)
2010-12-24 17:22:03 - 擦除器件...
2010-12-24 17:22:03 - 擦除器件.........完成
2010-12-24 17:22:03 - Unique ID: 
2010-12-24 17:22:03 -  5A 5A FF FF FF FF FF FF FF FF FF 6A 80 FD 58 F2
2010-12-24 17:22:03 - CHIPID: 
2010-12-24 17:22:03 - 6A 80 FD 58 F2 
2010-12-24 17:22:03 - Infopage: 
2010-12-24 17:22:03 - 0x20: FF (NUPP)
2010-12-24 17:22:03 - 0x21: FF (DAEN)
2010-12-24 17:22:03 - 0x22: FF (RDISIP)
2010-12-24 17:22:03 - 0x23: FF (RDISMB)
2010-12-24 17:22:03 - 0x24: FF (ENDEBUG)
2010-12-24 17:22:03 - 编程器件...
2010-12-24 17:22:04 - 编程器件.........完成
2010-12-24 17:22:04 - 效验器件...
2010-12-24 17:22:05 - 效验器件.........OK
2010-12-24 17:23:09 - 设备被移除
