C51 COMPILER V7.06   INSTAGRAM_MAIN                                                        03/27/2012 15:25:08 PAGE 1   


C51 COMPILER V7.06, COMPILATION OF MODULE INSTAGRAM_MAIN
OBJECT MODULE PLACED IN instagram_main.obj
COMPILER INVOKED BY: C:\Keil2\C51\BIN\C51.EXE src\instagram_main.c OPTIMIZE(9,SPEED) BROWSE ORDER DEBUG OBJECTEXTEND PRI
                    -NT(.\instagram_main.lst) OBJECT(instagram_main.obj)

stmt level    source

   1          /*******************************************************************************
   2          Include Section
   3          *******************************************************************************/
   4          
   5          #include "instagram_main.h"
   6          #include "stc_mcu.h"
   7          #include "utility.h"
   8          #include "lcd.h"
   9          
  10          
  11          
  12          /*****************************************************************************
  13          Global Variale Section
  14          ******************************************************************************/
  15          
  16          extern unsigned char mCmdQ[32];
  17          
  18          extern unsigned char mTMR0_Flag;
  19          
  20          
  21          /*****************************************************************************
  22          Main Section
  23          ******************************************************************************/
  24          main()
  25          {
  26   1              unsigned char idata *idata_point;
  27   1              unsigned char i,j;
  28   1      
  29   1              init_hardware();
  30   1              init_timer();
  31   1              UART_one_init();
  32   1              P1 = 0xff;
  33   1      
  34   1              init_system();
  35   1              lcd_initial();
  36   1              dsp_single_colour(0xf8,0x00);
  37   1      
  38   1              P1 = 0xff;
  39   1      
  40   1              EA      = 1;
  41   1      
  42   1              u_puts(VERSION);
  43   1              u_puts("ID=");
  44   1              idata_point = 0xf1;
  45   1              for (i=0; i<=6; i++)
  46   1              {
  47   2                      j = *(idata_point+i);
  48   2                      u_putHexByte(j & 0xff,0x00);
  49   2              }
  50   1      
  51   1              u_puts("\r\n");
  52   1      
  53   1              mTMR0_Flag=1;
  54   1              
C51 COMPILER V7.06   INSTAGRAM_MAIN                                                        03/27/2012 15:25:08 PAGE 2   

  55   1              dsp_single_colour_ex(0xff,0xf8,0x00);   //Red
  56   1              dsp_image_ex(0x00,0x01);        // Image 1                      
  57   1              dsp_image_ex(0x01,0x02);        // Image 1                      
  58   1              dsp_image_ex(0x02,0x03);        // Image 1                      
  59   1              dsp_image_ex(0x03,0x04);        // Image 1                      
  60   1              dsp_image_ex(0x04,0x05);        // Image 1                      
  61   1      
  62   1      
  63   1              while(1)
  64   1              {
  65   2                      process_uart();
  66   2                      process_timer();
  67   2              }
  68   1      
  69   1      }
  70          
  71          // 
  72          // Function start here
  73          //
  74          
  75          void process_timer(void)
  76          {
  77   1              static unsigned char tCnt=0;
  78   1              static unsigned char tDebugCnt=0;
  79   1      
  80   1              if (mTMR0_Flag)         // @ 100mS
  81   1              {
  82   2                      mTMR0_Flag = 0;
  83   2                      tCnt ++;
  84   2                      if (tCnt >=20)
  85   2                      {
  86   3                              task_1s();
  87   3                              tCnt = 0;
  88   3                              tDebugCnt++;
  89   3      //                      u_putHexByte(tDebugCnt,0x00);
  90   3      //                      u_puts("\r\n");
  91   3                      }
  92   2              
  93   2              }
  94   1      
  95   1      
  96   1      }
  97          
  98          #define test_bl 
  99          //#define test_rgb 
 100          
 101          void task_led_test(void)
 102          {
 103   1      
 104   1              static unsigned char tCnt=0;
 105   1      
 106   1      #ifdef test_bl
 107   1              tCnt &=0x01;
 108   1              switch (tCnt)
 109   1              {
 110   2                      case 0:
 111   2                              LED_BL_ON();
 112   2                              break;
 113   2                      case 1:
 114   2                              LED_BL_OFF();
 115   2                              break;                  
 116   2              }
C51 COMPILER V7.06   INSTAGRAM_MAIN                                                        03/27/2012 15:25:08 PAGE 3   

 117   1      #endif
 118   1      
 119   1      #ifdef test_rbb
              
                      tCnt &=0x07;
                      switch (tCnt)
                      {
                              case 0:
                                      LED_R_ON();
                                      LED_G_OFF();
                                      LED_B_OFF();
                                      break;
                              case 1:
                                      LED_R_OFF();
                                      LED_G_ON();
                                      LED_B_OFF();
                                      break;
                              case 2:
                                      LED_R_OFF();
                                      LED_G_OFF();
                                      LED_B_ON();                     
                                      break;
                              case 3:
                                      LED_R_ON();
                                      LED_G_ON();
                                      LED_B_ON();                     
                                      break;
                              case 4:
                                      LED_R_OFF();
                                      LED_G_OFF();
                                      LED_B_OFF();    
                                      break;
                              case 5:
                                      LED_R_ON();
                                      LED_G_ON();
                                      LED_B_OFF();                    
                                      break;
                              case 6:
                                      LED_R_ON();
                                      LED_G_OFF();
                                      LED_B_ON();                     
                                      break;
                              case 7:
                                      LED_R_OFF();
                                      LED_G_ON();
                                      LED_B_ON();                     
                                      break;
                              default:
                                      break;
                      }
              #endif
 168   1              tCnt++;
 169   1      
 170   1      }
 171          
 172          void task_lcd_test(void)
 173          {
 174   1      
 175   1              static unsigned char tCnt=0;
 176   1      
 177   1              tCnt &= 0x03;
 178   1              switch (tCnt)
C51 COMPILER V7.06   INSTAGRAM_MAIN                                                        03/27/2012 15:25:08 PAGE 4   

 179   1              {
 180   2                      case 0:
 181   2      //                      dsp_single_colour(0x00,0x00);   //Black
 182   2                              dsp_single_colour_ex(0x00,0x00,0x00);   //Black
 183   2                              dsp_image_ex(0x01,0x00);        // Image 0                      
 184   2                              dsp_single_colour_ex(0x02,0xff,0xff);   //White
 185   2                              break;
 186   2                      case 1:
 187   2      //              dsp_single_colour(0x00,0x00);   //Black
 188   2      //              dsp_single_colour(0xf8,0x00);   //Red
 189   2                      dsp_single_colour_ex(0x00,0xf8,0x00);   //Red
 190   2                              dsp_image_ex(0x01,0x01);        // Image 1                      
 191   2                              dsp_single_colour_ex(0x03,0x55,0x55);   //Grey
 192   2      
 193   2                              break;                  
 194   2                      case 2:
 195   2      //              dsp_single_colour(0x07,0xe0);   //Green
 196   2                      dsp_single_colour_ex(0x00,0x07,0xe0);   //Green
 197   2                              dsp_image_ex(0x01,0x02);        // Image 2                      
 198   2                              dsp_image_ex(0x04,0x01);        //Grey
 199   2                              break;
 200   2                      case 3:
 201   2      //              dsp_single_colour(0x00,0x1f);           //Blue
 202   2                      dsp_single_colour_ex(0x00,0x1f,0xe0);   //Green
 203   2                              dsp_image_ex(0x01,0x03);        // Image 3                      
 204   2                              break;                  
 205   2              }
 206   1      
 207   1              tCnt++;
 208   1      }
 209          
 210          void task_1s(void)
 211          {
 212   1      
 213   1              task_led_test();
 214   1              task_lcd_test();
 215   1      
 216   1      
 217   1      }
 218          
 219          void process_uart(void)
 220          {
 221   1              unsigned char i;
 222   1      
 223   1              if (mCmdQ[0]>0x80)      
 224   1              {
 225   2                      for (i=1; i<=(mCmdQ[0] & 0x7f); i++)
 226   2                      {
 227   3                              u_putch(mCmdQ[i]);      
 228   3                      }
 229   2                      u_puts("\r\n");
 230   2                      mCmdQ[0] = 0x00;
 231   2              }
 232   1      
 233   1      }
 234          
 235          
 236          


MODULE INFORMATION:   STATIC OVERLAYABLE
   CODE SIZE        =    369    ----
C51 COMPILER V7.06   INSTAGRAM_MAIN                                                        03/27/2012 15:25:08 PAGE 5   

   CONSTANT SIZE    =     49    ----
   XDATA SIZE       =   ----    ----
   PDATA SIZE       =   ----    ----
   DATA SIZE        =      4       4
   IDATA SIZE       =   ----    ----
   BIT SIZE         =   ----    ----
END OF MODULE INFORMATION.


C51 COMPILATION COMPLETE.  0 WARNING(S),  0 ERROR(S)
