C51 COMPILER V7.06   STC_MCU                                                               03/27/2012 15:25:08 PAGE 1   


C51 COMPILER V7.06, COMPILATION OF MODULE STC_MCU
OBJECT MODULE PLACED IN stc_mcu.obj
COMPILER INVOKED BY: C:\Keil2\C51\BIN\C51.EXE src\stc_mcu.c OPTIMIZE(9,SPEED) BROWSE ORDER DEBUG OBJECTEXTEND PRINT(.\st
                    -c_mcu.lst) OBJECT(stc_mcu.obj)

stmt level    source

   1          
   2          #include "stc_mcu.h"
   3          #include "instagram_main.h"
   4          
   5          // STC register
   6          
   7          sfr P1M1 = 0x91;
   8          sfr P1M0 = 0x92;
   9          sfr P0M1 = 0x93;
  10          sfr P0M0 = 0x94;
  11          sfr AUXR = 0x8e;
  12          sfr     BRT      = 0x9c;
  13          
  14          
  15          // ***************************************************
  16          // Global variable
  17          //****************************************************
  18          
  19          unsigned char mCmdQ[32];                        // mCmdQ[0] = index
  20          unsigned char mTMR0_Flag=0;
  21          
  22          // ***************************************************
  23          // STC Timer0 Interrupt Routine
  24          //****************************************************
  25          
  26          // Interrupt @ 1ms
  27          // Set TMR0_Flag @ 100mS
  28          void tm0_isr() interrupt 1 using 1
  29          {
  30   1              static unsigned char tCnt=0;
  31   1      
  32   1              TL0 = T1MS;
  33   1              TH0 = T1MS >> 8;
  34   1              if (tCnt ++ >=100)
  35   1              {
  36   2                      tCnt = 0;
  37   2                      mTMR0_Flag=1;
  38   2              }
  39   1      
  40   1      }
  41          
  42          
  43          // ***************************************************
  44          // STC UART 1 Routine
  45          //****************************************************
  46          
  47          void UART_one_Interrupt_Receive(void) interrupt 4
  48          {
  49   1          unsigned char tdata  = 0;
  50   1          if(RI==1)
  51   1          {
  52   2              RI  =   0;
  53   2              tdata   =   SBUF;
  54   2      
C51 COMPILER V7.06   STC_MCU                                                               03/27/2012 15:25:08 PAGE 2   

  55   2                      if ((tdata=='\r') || (tdata=='\n')) 
  56   2                      {
  57   3                              mCmdQ[0] |= 0x80;       // Set Cmd Rx Flag
  58   3                      }
  59   2      
  60   2                      if (mCmdQ[0] < ((sizeof(mCmdQ))-1))      
  61   2                      {
  62   3                              mCmdQ[0]++;
  63   3                              mCmdQ[mCmdQ[0]]=tdata;
  64   3                      }       
  65   2          }
  66   1          else
  67   1          {
  68   2              TI  =  0;
  69   2          }
  70   1      }
  71          
  72          void uart_tx(INT8U abyte) 
  73          {
  74   1          ES     =   0;  
  75   1          TI     =   0;  
  76   1          SBUF   =   abyte;
  77   1          while(TI ==0); 
  78   1          TI     =   0;  
  79   1          ES     =   1;  
  80   1      }
  81          
  82          void UART_one_init(void)
  83          {
  84   1      
  85   1      //      Init UART
  86   1              SCON  = 0x50;                           // 8-bits UART No parity
  87   1              T2CON = 0x34;
  88   1              BRT       =     RELOAD_COUNT;
  89   1              AUXR  = 0x11; 
  90   1              AUXR |= 0x04; 
  91   1          ES    =   1;    
  92   1      
  93   1      }
  94          
  95          
  96          // ***************************************************
  97          // STC Init Routine
  98          //****************************************************
  99          
 100          void init_hardware(void)
 101          {
 102   1      
 103   1              P1M0 = 0xff;
 104   1              P1M1 = 0x00;
 105   1      
 106   1      }
 107          
 108          void init_timer(void)
 109          {
 110   1      
 111   1              TMOD = 0x01;
 112   1              TL0  = T1MS;
 113   1              TH0  = T1MS>>8;
 114   1              TR0  = 1;
 115   1              ET0  = 1;
 116   1      
C51 COMPILER V7.06   STC_MCU                                                               03/27/2012 15:25:08 PAGE 3   

 117   1      }
 118          
 119          void init_system(void)
 120          {
 121   1      
 122   1              unsigned char i ;
 123   1      
 124   1              for (i=0; i<sizeof(mCmdQ); i++)
 125   1              {
 126   2                      mCmdQ[i]=0;
 127   2              }
 128   1      }


MODULE INFORMATION:   STATIC OVERLAYABLE
   CODE SIZE        =    155    ----
   CONSTANT SIZE    =   ----    ----
   XDATA SIZE       =   ----    ----
   PDATA SIZE       =   ----    ----
   DATA SIZE        =     34    ----
   IDATA SIZE       =   ----    ----
   BIT SIZE         =   ----    ----
END OF MODULE INFORMATION.


C51 COMPILATION COMPLETE.  0 WARNING(S),  0 ERROR(S)
