C51 COMPILER V9.00   CPU                                                                   01/04/2011 23:49:32 PAGE 1   


C51 COMPILER V9.00, COMPILATION OF MODULE CPU
OBJECT MODULE PLACED IN .\build\cpu.obj
COMPILER INVOKED BY: C:\Keil\C51\BIN\C51.EXE ..\..\..\hal\nrf24lu1p\cpu.c LARGE OBJECTADVANCED OPTIMIZE(SIZE) BROWSE INC
                    -DIR(..\..\..\hal\nrf24l01p;..\..\..\hal\nrf24lu1p;..\..\..\lib\assertions;..\..\..\lib\lib_crypt;..\common_setup;..\..\.
                    -.\gazell\common;..\..\..\gazell\nrf24lu1) DEFINE(NRFREADY_DEMO_MODE) DEBUG PRINT(.\lst\cpu.lst) OBJECT(.\build\cpu.obj)

line level    source

   1          /* Copyright (c) 2007 Nordic Semiconductor. All Rights Reserved.
   2           *
   3           * The information contained herein is property of Nordic Semiconductor ASA.
   4           * Terms and conditions of usage are described in detail in NORDIC
   5           * SEMICONDUCTOR STANDARD SOFTWARE LICENSE AGREEMENT. 
   6           *
   7           * Licensees are granted free, non-transferable use of the information. NO
   8           * WARRENTY of ANY KIND is provided. This heading must NOT be removed from
   9           * the file.
  10           *
  11           * $LastChangedRevision: 4762 $
  12           */
  13          
  14          /** @file
  15           * @brief Implementation of the cpu module for nRF24LU1+
  16           */
  17          
  18          #include <Nordic\reg24lu1.h>
  19          #include "nordic_common.h"
  20          #include "cpu.h"
  21          /*
  22          void cpu_pwr_down(void)
  23          {
  24            PWRDWN = 1;
  25          }
  26          */
  27          /*
  28          void cpu_set_clock_frequency(uint8_t cf)
  29          {
  30            uint8_t temp = CLKCTL;
  31          
  32            // Clock frequnecy is defined by bits 6-4 in CLKCTL
  33            temp &= ~(BIT_6 | BIT_5 | BIT_4);
  34            temp |= cf & (BIT_6 | BIT_5 | BIT_4);
  35            
  36            F0 = EA;
  37            EA = 0;
  38            CLKCTL = temp;
  39            EA = F0;
  40          }
  41          */


MODULE INFORMATION:   STATIC OVERLAYABLE
   CODE SIZE        =   ----    ----
   CONSTANT SIZE    =   ----    ----
   XDATA SIZE       =   ----    ----
   PDATA SIZE       =   ----    ----
   DATA SIZE        =   ----    ----
   IDATA SIZE       =   ----    ----
   BIT SIZE         =   ----    ----
   EDATA SIZE       =   ----    ----
   HDATA SIZE       =   ----    ----
C51 COMPILER V9.00   CPU                                                                   01/04/2011 23:49:32 PAGE 2   

   XDATA CONST SIZE =   ----    ----
   FAR CONST SIZE   =   ----    ----
END OF MODULE INFORMATION.


C51 COMPILATION COMPLETE.  0 WARNING(S),  0 ERROR(S)
