C51 COMPILER V9.00   GZLL_RADIO_ISR                                                        01/04/2011 18:32:28 PAGE 1   


C51 COMPILER V9.00, COMPILATION OF MODULE GZLL_RADIO_ISR
OBJECT MODULE PLACED IN .\build\gzll_radio_isr.obj
COMPILER INVOKED BY: C:\Keil\C51\BIN\C51.EXE ..\..\..\gazell\nrf24lu1\gzll_radio_isr.c LARGE OBJECTADVANCED OPTIMIZE(SIZ
                    -E) BROWSE INCDIR(..\..\..\hal\nrf24l01p;..\..\..\hal\nrf24lu1p;..\..\..\lib\assertions;..\..\..\lib\lib_crypt;..\common_
                    -setup;..\..\..\gazell\common;..\..\..\gazell\nrf24lu1) DEFINE(NRFREADY_DEMO_MODE) DEBUG PRINT(.\lst\gzll_radio_isr.lst) 
                    -OBJECT(.\build\gzll_radio_isr.obj)

line level    source

   1          /* Copyright (c) 2008 Nordic Semiconductor. All Rights Reserved.
   2           *
   3           * The information contained herein is confidential property of 
   4           * Nordic Semiconductor. The use, copying, transfer or disclosure 
   5           * of such information is prohibited except by express written
   6           * agreement with Nordic Semiconductor.
   7           */ 
   8          
   9          /** @file
  10           * 
  11           */
  12          
  13          #include "gzll.h"
  14          
  15          static void nrf_interrupt(void) interrupt 9
  16          {
  17   1        gzll_radio_isr_function();
  18   1      }


MODULE INFORMATION:   STATIC OVERLAYABLE
   CODE SIZE        =     62    ----
   CONSTANT SIZE    =   ----    ----
   XDATA SIZE       =   ----    ----
   PDATA SIZE       =   ----    ----
   DATA SIZE        =   ----    ----
   IDATA SIZE       =   ----    ----
   BIT SIZE         =   ----    ----
   EDATA SIZE       =   ----    ----
   HDATA SIZE       =   ----    ----
   XDATA CONST SIZE =   ----    ----
   FAR CONST SIZE   =   ----    ----
END OF MODULE INFORMATION.


C51 COMPILATION COMPLETE.  0 WARNING(S),  0 ERROR(S)
