C51 COMPILER V9.00   HAL_NRF_HW                                                            01/04/2011 23:39:46 PAGE 1   


C51 COMPILER V9.00, COMPILATION OF MODULE HAL_NRF_HW
OBJECT MODULE PLACED IN .\build\hal_nrf_hw.obj
COMPILER INVOKED BY: C:\Keil\C51\BIN\C51.EXE ..\..\..\hal\nrf24lu1p\hal_nrf_hw.c LARGE OBJECTADVANCED OPTIMIZE(SIZE) BRO
                    -WSE INCDIR(..\..\..\hal\nrf24l01p;..\..\..\hal\nrf24lu1p;..\..\..\lib\assertions;..\..\..\lib\lib_crypt;..\common_setup;
                    -..\..\..\gazell\common;..\..\..\gazell\nrf24lu1) DEFINE(NRFREADY_DEMO_MODE) DEBUG PRINT(.\lst\hal_nrf_hw.lst) OBJECT(.\b
                    -uild\hal_nrf_hw.obj)

line level    source

   1          /* Copyright (c) 2007 Nordic Semiconductor. All Rights Reserved.
   2           *
   3           * The information contained herein is property of Nordic Semiconductor ASA.
   4           * Terms and conditions of usage are described in detail in NORDIC
   5           * SEMICONDUCTOR STANDARD SOFTWARE LICENSE AGREEMENT. 
   6           *
   7           * Licensees are granted free, non-transferable use of the information. NO
   8           * WARRENTY of ANY KIND is provided. This heading must NOT be removed from
   9           * the file.
  10           *
  11           * $LastChangedRevision: 4762 $
  12           */
  13          
  14          /** @file
  15           * @brief Implementation of #hal_nrf_rw for nRF24LU1+
  16           *
  17           * #hal_nrf_rw is an SPI function which is hardware dependent. This file
  18           * contains an implementation for nRF24LU1.
  19           */
  20          
  21          #include <Nordic\reg24lu1.h>
  22          #include <stdint.h>
  23          #include "hal_nrf.h"
  24          
  25          uint8_t hal_nrf_rw(uint8_t value)
  26          {
  27   1        RFDAT = value;
  28   1        RFSPIF = 0;     // ! IMPORTANT ! Clear RF SPI ready flag
  29   1                        // after data written to RFDAT..
  30   1        while(!RFSPIF); // wait for byte transfer finished
  31   1          ;
  32   1        return RFDAT;   // return SPI read value
  33   1      }
  34          
  35          


MODULE INFORMATION:   STATIC OVERLAYABLE
   CODE SIZE        =     13    ----
   CONSTANT SIZE    =   ----    ----
   XDATA SIZE       =   ----    ----
   PDATA SIZE       =   ----    ----
   DATA SIZE        =   ----    ----
   IDATA SIZE       =   ----    ----
   BIT SIZE         =   ----    ----
   EDATA SIZE       =   ----    ----
   HDATA SIZE       =   ----    ----
   XDATA CONST SIZE =   ----    ----
   FAR CONST SIZE   =   ----    ----
END OF MODULE INFORMATION.


C51 COMPILATION COMPLETE.  0 WARNING(S),  0 ERROR(S)
