C51 COMPILER V9.00   HAL_POF                                                               10/03/2010 16:43:51 PAGE 1   


C51 COMPILER V9.00, COMPILATION OF MODULE HAL_POF
OBJECT MODULE PLACED IN .\build\hal_pof.obj
COMPILER INVOKED BY: C:\Keil\C51\BIN\C51.EXE ..\..\..\hal\nrf24le1\hal_pof.c LARGE OBJECTADVANCED OPTIMIZE(SIZE) BROWSE 
                    -INCDIR(..\..\..\hal\nrf24l01p;..\..\..\hal\nrf24lu1p;..\..\..\lib\assertions;..\..\..\lib\lib_crypt;..\common_setup;..\.
                    -.\..\gazell\common;..\..\..\gazell\nrf24lu1) DEFINE(NRFREADY_DEMO_MODE) DEBUG PRINT(.\lst\hal_pof.lst) OBJECT(.\build\ha
                    -l_pof.obj)

line level    source

   1          /* Copyright (c) 2008 Nordic Semiconductor. All Rights Reserved.
   2           *
   3           * The information contained herein is property of Nordic Semiconductor ASA.
   4           * Terms and conditions of usage are described in detail in NORDIC
   5           * SEMICONDUCTOR STANDARD SOFTWARE LICENSE AGREEMENT. 
   6           *
   7           * Licensees are granted free, non-transferable use of the information. NO
   8           * WARRENTY of ANY KIND is provided. This heading must NOT be removed from
   9           * the file.
  10           *
  11           * $LastChangedRevision$
  12           */ 
  13          
  14          /** @file
  15           *  
  16           */
  17          
  18          #include <Nordic\reg24le1.h>
  19          #include "hal_pof.h"
  20          
  21          void hal_pof_enable(bool enable)
  22          {
  23   1              if(enable)
  24   1                      POFCON |= 0x80;
  25   1              else
  26   1                      POFCON &= ~0x80;
  27   1      }
  28          
  29          void hal_pof_set_threshold(hal_pof_threshold_t threshold)
  30          {
  31   1              POFCON &= ~0x60;
  32   1              POFCON |= (threshold & 0x60);
  33   1      }
  34          
  35          bool hal_pof_warning(void)
  36          {
  37   1              if(POFCON & 0x10)
  38   1                      return true;
  39   1              else
  40   1                      return false;
  41   1      }


MODULE INFORMATION:   STATIC OVERLAYABLE
   CODE SIZE        =     36    ----
   CONSTANT SIZE    =   ----    ----
   XDATA SIZE       =   ----    ----
   PDATA SIZE       =   ----    ----
   DATA SIZE        =   ----    ----
   IDATA SIZE       =   ----    ----
   BIT SIZE         =   ----    ----
   EDATA SIZE       =   ----    ----
C51 COMPILER V9.00   HAL_POF                                                               10/03/2010 16:43:51 PAGE 2   

   HDATA SIZE       =   ----    ----
   XDATA CONST SIZE =   ----    ----
   FAR CONST SIZE   =   ----    ----
END OF MODULE INFORMATION.


C51 COMPILATION COMPLETE.  0 WARNING(S),  0 ERROR(S)
