C51 COMPILER V9.00   NRFR_HID_REMOTE_TABLE                                                 01/05/2011 19:11:00 PAGE 1   


C51 COMPILER V9.00, COMPILATION OF MODULE NRFR_HID_REMOTE_TABLE
OBJECT MODULE PLACED IN .\build\nrfr_hid_remote_table.obj
COMPILER INVOKED BY: C:\Keil\C51\BIN\C51.EXE nrfr_hid_remote_table.c LARGE OBJECTADVANCED OPTIMIZE(SIZE) BROWSE INCDIR(.
                    -.\..\..\hal\nrf24l01p;..\..\..\hal\nrf24lu1p;..\..\..\lib\assertions;..\..\..\lib\lib_crypt;..\common_setup;..\..\..\gaz
                    -ell\common;..\..\..\gazell\nrf24lu1) DEFINE(NRFREADY_DEMO_MODE) DEBUG PRINT(.\lst\nrfr_hid_remote_table.lst) OBJECT(.\bu
                    -ild\nrfr_hid_remote_table.obj)

line level    source

   1          /* Copyright (c) 2008 Nordic Semiconductor. All Rights Reserved.
   2           *
   3           * The information contained herein is property of Nordic Semiconductor ASA.
   4           * Terms and conditions of usage are described in detail in NORDIC
   5           * SEMICONDUCTOR STANDARD SOFTWARE LICENSE AGREEMENT. 
   6           *
   7           * Licensees are granted free, non-transferable use of the information. NO
   8           * WARRENTY of ANY KIND is provided. This heading must NOT be removed from
   9           * the file.
  10           *
  11           * $LastChangedRevision$
  12           */
  13              
  14          /** @file
  15           * @brief The conversion table between remote control messages and HID reports is located here
  16           * 
  17           */
  18          
  19          #include <stdint.h>
  20          #include "nrfr_hid_remote_parse.h"
  21          
  22          /**
  23          * A table showing the byte number and usage value in the HID report for a given input.
  24          * Indexes higher than 56*2 are reserved for numpad inputs since they
  25          * use a different HID report.
  26          */
  27          
  28          code uint16_t nrfr_remote_HID_table[]={
  29          CONSUMER_CONTROL, 0x0000, //Not used
  30          CONSUMER_CONTROL, 0x0224, //1=Back
  31          CONSUMER_CONTROL, 0x0209, //2=More Info
  32          CONSUMER_CONTROL, 0x00B0, //3=Play
  33          CONSUMER_CONTROL, 0x00B1, //4=Pause
  34          CONSUMER_CONTROL, 0x00CD, //5=Play/Pause
  35          CONSUMER_CONTROL, 0x00B7, //6=Stop
  36          CONSUMER_CONTROL, 0x00B2, //7=Record
  37          CONSUMER_CONTROL, 0x00B3, //8=Fast Forward
  38          CONSUMER_CONTROL, 0x00B4, //9=Rewind
  39          CONSUMER_CONTROL, 0x00B5, //10=Skip Forward
  40          CONSUMER_CONTROL, 0x00B6, //11=Skip Back
  41          CONSUMER_CONTROL, 0x00E9, //12=Volume Up
  42          CONSUMER_CONTROL, 0x00EA, //13=Volume Down
  43          CONSUMER_CONTROL, 0x00E2, //14=Mute
  44          CONSUMER_CONTROL, 0x009C, //15=Chan/Page up
  45          CONSUMER_CONTROL, 0x009D, //16=Chan/Page down
  46          CONSUMER_CONTROL, 0x008D, //17=Guide
  47          CONSUMER_CONTROL, 0x0208, //18=Print
  48          /////////////////
  49          SYSTEM_CONTROL, 0x0001,   //19=Power Off
  50          SYSTEM_CONTROL, 0x0002,   //20=Power Toggle (Standby)
  51          SYSTEM_CONTROL, 0x0004,   //21=Power On
  52          /////////////////
C51 COMPILER V9.00   NRFR_HID_REMOTE_TABLE                                                 01/05/2011 19:11:00 PAGE 2   

  53          VENDOR_DEFINED, 0x000D,   //22=Green Start Button
  54          VENDOR_DEFINED, 0x002B,   //23=Close Captioning
  55          VENDOR_DEFINED, 0x005A,   //24=Teletext On/Of
  56          VENDOR_DEFINED, 0x005B,   //25=Teletext Red
  57          VENDOR_DEFINED, 0x005C,   //26=Teletext Green
  58          VENDOR_DEFINED, 0x005D,   //27=Teletext Yellow
  59          VENDOR_DEFINED, 0x005E,   //28=Teletext Blue
  60          VENDOR_DEFINED, 0x0025,   //29=Live TV
  61          VENDOR_DEFINED, 0x0047,   //30=Music
  62          VENDOR_DEFINED, 0x0048,   //31=Recorded TV
  63          VENDOR_DEFINED, 0x0049,   //32=Pictures
  64          VENDOR_DEFINED, 0x004A,   //33=Videos
  65          VENDOR_DEFINED, 0x0050,   //34=FM Radio
  66          VENDOR_DEFINED, 0x003C,   //35=OnSpot 
  67          VENDOR_DEFINED, 0x003D,   //36=OnSpot App
  68          VENDOR_DEFINED, 0x0024,   //37=DVD Menu 
  69          VENDOR_DEFINED, 0x004B,   //38=DVD Angle
  70          VENDOR_DEFINED, 0x004C,   //39=DVD Audio
  71          VENDOR_DEFINED, 0x004D,   //40=DVD Subtitle
  72          VENDOR_DEFINED, 0x0028,   //41=Eject
  73          VENDOR_DEFINED, 0x0043,   //42=DVD top menu
  74          VENDOR_DEFINED, 0x0032,   //43=Ext0
  75          VENDOR_DEFINED, 0x0033,   //44=Ext1
  76          VENDOR_DEFINED, 0x0034,   //45=Ext2
  77          VENDOR_DEFINED, 0x0035,   //46=Ext3
  78          VENDOR_DEFINED, 0x0036,   //47=Ext4
  79          VENDOR_DEFINED, 0x0037,   //48=Ext5
  80          VENDOR_DEFINED, 0x0038,   //49=Ext6
  81          VENDOR_DEFINED, 0x0039,   //50=Ext7
  82          VENDOR_DEFINED, 0x003A,   //51=Ext8
  83          VENDOR_DEFINED, 0x0080,   //52=Ext9
  84          VENDOR_DEFINED, 0x0081,   //53=Ext10
  85          VENDOR_DEFINED, 0x006F,   //54=Ext11
  86          VENDOR_DEFINED, 0x0027,   //55=Zoom
  87          //------------------------------//
  88          // Keyboard Scancodes from here //
  89          //------------------------------//
  90          0x00,0x1E, //56="1"
  91          0x00,0x1F, //57="2"
  92          0x00,0x20, //58="3"
  93          0x00,0x21, //59="4"
  94          0x00,0x22, //60="5"
  95          0x00,0x23, //61="6"
  96          0x00,0x24, //62="7"
  97          0x00,0x25, //63="8"
  98          0x00,0x26, //64="9"
  99          0x00,0x27, //65="0"
 100          0x00,0x29, //66=Clear
 101          0x00,0x28, //67=Enter
 102          0x02,0x20, //68=" # "
 103          0x02,0x25, //69=" * "
 104          0x00,0x52, //70=Up
 105          0x00,0x51, //71=Down
 106          0x00,0x50, //72=Left
 107          0x00,0x4F, //73=Right
 108          };
 109          


MODULE INFORMATION:   STATIC OVERLAYABLE
   CODE SIZE        =   ----    ----
   CONSTANT SIZE    =    296    ----
C51 COMPILER V9.00   NRFR_HID_REMOTE_TABLE                                                 01/05/2011 19:11:00 PAGE 3   

   XDATA SIZE       =   ----    ----
   PDATA SIZE       =   ----    ----
   DATA SIZE        =   ----    ----
   IDATA SIZE       =   ----    ----
   BIT SIZE         =   ----    ----
   EDATA SIZE       =   ----    ----
   HDATA SIZE       =   ----    ----
   XDATA CONST SIZE =   ----    ----
   FAR CONST SIZE   =   ----    ----
END OF MODULE INFORMATION.


C51 COMPILATION COMPLETE.  0 WARNING(S),  0 ERROR(S)
