2010-12-21 14:14:25 - 读入文件： D:\NRF24LE1_PROGAMME\RFID发射\nRF24LE1.hex
2010-12-21 14:14:25 - 文件长度：0x025B = 603 字节 
2010-12-21 14:14:45 - 设备已连接...
2010-12-21 14:14:45 - 固件版本： 1.00.01
2010-12-21 14:14:50 - 文件重载成功，长度: 603 字节
2010-12-21 14:14:51 - Unique ID: 
2010-12-21 14:14:51 -  5A 5A 43 30 42 35 32 31 07 1B 13 FF FF FF FF FF
2010-12-21 14:14:51 -  26 B1 51 0E 0E FF FF FF FF 82 FF FF FF FF FF FF
2010-12-21 14:14:51 - Infopage: 
2010-12-21 14:14:51 - 0x20: FF (NUPP)
2010-12-21 14:14:51 - 0x21: FF (Reserved)
2010-12-21 14:14:51 - 0x22: FF (Reserved)
2010-12-21 14:14:51 - 0x23: FF (RDISMB)
2010-12-21 14:14:51 - 0x24: FF (ENDEBUG)
2010-12-21 14:14:51 - 擦除器件...
2010-12-21 14:14:51 - 擦除器件.........完成
2010-12-21 14:14:51 - Unique ID: 
2010-12-21 14:14:51 -  5A 5A 43 30 42 35 32 31 07 1B 13 FF FF FF FF FF
2010-12-21 14:14:51 -  26 B1 51 0E 0E FF FF FF FF 82 FF FF FF FF FF FF
2010-12-21 14:14:51 - Infopage: 
2010-12-21 14:14:51 - 0x20: FF (NUPP)
2010-12-21 14:14:51 - 0x21: FF (Reserved)
2010-12-21 14:14:51 - 0x22: FF (Reserved)
2010-12-21 14:14:51 - 0x23: FF (RDISMB)
2010-12-21 14:14:51 - 0x24: FF (ENDEBUG)
2010-12-21 14:14:51 - 编程器件...
2010-12-21 14:14:51 - 编程器件.........完成
2010-12-21 14:14:51 - 效验器件...
2010-12-21 14:14:51 - 效验器件.........OK
2010-12-21 14:17:48 - 设备被移除
2010-12-23 18:02:14 - 读入文件： H:\RFID发射12.21\nRF24LE1.hex
2010-12-23 18:02:14 - 文件长度：0x023B = 571 字节 
2010-12-23 18:02:33 - 文件重载成功，长度: 571 字节
2010-12-23 18:02:33 - Unique ID: 
2010-12-23 18:02:33 -  5A 5A 43 30 42 35 32 31 07 1A 32 FF FF FF FF FF
2010-12-23 18:02:33 -  26 B1 50 0D 0C FF FF FF FF 82 FF FF FF FF FF FF
2010-12-23 18:02:33 - Infopage: 
2010-12-23 18:02:33 - 0x20: FF (NUPP)
2010-12-23 18:02:33 - 0x21: FF (Reserved)
2010-12-23 18:02:33 - 0x22: FF (Reserved)
2010-12-23 18:02:33 - 0x23: FF (RDISMB)
2010-12-23 18:02:33 - 0x24: FF (ENDEBUG)
2010-12-23 18:02:33 - 擦除器件...
2010-12-23 18:02:33 - 擦除器件.........完成
2010-12-23 18:02:33 - Unique ID: 
2010-12-23 18:02:33 -  5A 5A 43 30 42 35 32 31 07 1A 32 FF FF FF FF FF
2010-12-23 18:02:33 -  26 B1 50 0D 0C FF FF FF FF 82 FF FF FF FF FF FF
2010-12-23 18:02:33 - Infopage: 
2010-12-23 18:02:33 - 0x20: FF (NUPP)
2010-12-23 18:02:33 - 0x21: FF (Reserved)
2010-12-23 18:02:33 - 0x22: FF (Reserved)
2010-12-23 18:02:33 - 0x23: FF (RDISMB)
2010-12-23 18:02:33 - 0x24: FF (ENDEBUG)
2010-12-23 18:02:33 - 编程器件...
2010-12-23 18:02:33 - 编程器件.........完成
2010-12-23 18:02:33 - 效验器件...
2010-12-23 18:02:33 - 效验器件.........OK
2010-12-24 17:12:31 - 读入文件： E:\项目\NRF24系列模块\NRF24LU1\NRF24LU1接收发送\NRF24LE1发射\nRF24LE1.hex
2010-12-24 17:12:32 - 文件长度：0x023B = 571 字节 
2010-12-24 17:12:33 - 文件重载成功，长度: 571 字节
2010-12-24 17:12:33 - Unique ID: 
2010-12-24 17:12:33 -  5A 5A 43 30 42 35 32 31 07 44 28 FF FF FF FF FF
2010-12-24 17:12:33 -  26 B1 4F 0D 0D FF FF FF FF 82 FF FF FF FF FF FF
2010-12-24 17:12:33 - Infopage: 
2010-12-24 17:12:33 - 0x20: FF (NUPP)
2010-12-24 17:12:33 - 0x21: FF (Reserved)
2010-12-24 17:12:33 - 0x22: FF (Reserved)
2010-12-24 17:12:33 - 0x23: FF (RDISMB)
2010-12-24 17:12:33 - 0x24: FF (ENDEBUG)
2010-12-24 17:12:33 - 擦除器件...
2010-12-24 17:12:33 - 擦除器件.........完成
2010-12-24 17:12:34 - Unique ID: 
2010-12-24 17:12:34 -  5A 5A 43 30 42 35 32 31 07 44 28 FF FF FF FF FF
2010-12-24 17:12:34 -  26 B1 4F 0D 0D FF FF FF FF 82 FF FF FF FF FF FF
2010-12-24 17:12:34 - Infopage: 
2010-12-24 17:12:34 - 0x20: FF (NUPP)
2010-12-24 17:12:34 - 0x21: FF (Reserved)
2010-12-24 17:12:34 - 0x22: FF (Reserved)
2010-12-24 17:12:34 - 0x23: FF (RDISMB)
2010-12-24 17:12:34 - 0x24: FF (ENDEBUG)
2010-12-24 17:12:34 - 编程器件...
2010-12-24 17:12:34 - 编程器件.........完成
2010-12-24 17:12:34 - 效验器件...
2010-12-24 17:12:34 - 效验器件.........OK
2011-01-05 16:34:28 - 读入文件： E:\项目\NRF24系列模块\NRF24LU1\NRF24LU1接收发送\NRF24LE1发射\nRF24LE1.hex
2011-01-05 16:34:28 - 文件长度：0x023B = 571 字节 
2011-01-05 16:34:29 - 文件重载成功，长度: 571 字节
2011-01-05 16:34:29 - 请检查电源连接
2011-01-05 16:34:50 - 设备被移除
2011-01-05 16:34:52 - 设备已连接...
2011-01-05 16:34:52 - 固件版本： 1.00.01
2011-01-05 16:35:09 - 文件重载成功，长度: 571 字节
2011-01-05 16:35:09 - 请检查电源连接
2011-01-05 16:35:25 - 设备被移除
2011-01-05 16:35:27 - 设备已连接...
2011-01-05 16:35:27 - 固件版本： 1.00.01
2011-01-05 16:35:28 - 文件重载成功，长度: 571 字节
2011-01-05 16:35:28 - Unique ID: 
2011-01-05 16:35:28 -  5A 5A 43 30 42 35 32 31 07 1C 2B FF FF FF FF FF
2011-01-05 16:35:28 -  26 B1 51 0E 0D FF FF FF FF 82 FF FF FF FF FF FF
2011-01-05 16:35:28 - Infopage: 
2011-01-05 16:35:28 - 0x20: FF (NUPP)
2011-01-05 16:35:28 - 0x21: FF (Reserved)
2011-01-05 16:35:28 - 0x22: FF (Reserved)
2011-01-05 16:35:28 - 0x23: FF (RDISMB)
2011-01-05 16:35:28 - 0x24: FF (ENDEBUG)
2011-01-05 16:35:28 - 擦除器件...
2011-01-05 16:35:29 - 擦除器件.........完成
2011-01-05 16:35:29 - Unique ID: 
2011-01-05 16:35:29 -  5A 5A 43 30 42 35 32 31 07 1C 2B FF FF FF FF FF
2011-01-05 16:35:29 -  26 B1 51 0E 0D FF FF FF FF 82 FF FF FF FF FF FF
2011-01-05 16:35:29 - Infopage: 
2011-01-05 16:35:29 - 0x20: FF (NUPP)
2011-01-05 16:35:29 - 0x21: FF (Reserved)
2011-01-05 16:35:29 - 0x22: FF (Reserved)
2011-01-05 16:35:29 - 0x23: FF (RDISMB)
2011-01-05 16:35:29 - 0x24: FF (ENDEBUG)
2011-01-05 16:35:29 - 编程器件...
2011-01-05 16:35:29 - 编程器件.........完成
2011-01-05 16:35:29 - 效验器件...
2011-01-05 16:35:29 - 效验器件.........OK
2011-02-18 11:28:43 - 读入文件： F:\NRF24LE1发射\nRF24LE1.hex
2011-02-18 11:28:43 - 文件长度：0x02E4 = 740 字节 
2011-02-18 11:28:53 - 设备已连接...
2011-02-18 11:28:53 - 固件版本： 1.00.01
2011-02-18 11:29:01 - 文件重载成功，长度: 740 字节
2011-02-18 11:29:01 - 请检查电源连接
2011-02-18 11:30:23 - 读入文件： F:\NRF24LE1发射\nRF24LE1.hex
2011-02-18 11:30:23 - 文件长度：0x02E4 = 740 字节 
2011-02-18 11:30:27 - 选择器件： nRF24LU1
2011-02-18 11:30:27 - 器件容量： 0x4000
2011-02-18 11:30:28 - 读入文件： F:\NRF24LE1发射\nRF24LE1.hex
2011-02-18 11:30:28 - 文件长度：0x02E4 = 740 字节 
2011-02-18 11:30:40 - 设备被移除
2011-02-18 11:30:41 - 设备已连接...
2011-02-18 11:30:41 - 固件版本： 1.00.01
2011-02-18 11:30:44 - 读入文件： F:\NRF24LE1发射\nRF24LE1.hex
2011-02-18 11:30:44 - 文件长度：0x02E4 = 740 字节 
2011-02-18 11:30:45 - 文件重载成功，长度: 740 字节
2011-02-18 11:30:48 - 文件重载成功，长度: 740 字节
2011-02-18 11:30:51 - 文件重载成功，长度: 740 字节
2011-02-18 11:30:51 - 找不到器件
2011-02-18 11:30:53 - 文件重载成功，长度: 740 字节
2011-02-18 11:30:53 - 找不到器件
2011-02-18 11:30:55 - 文件重载成功，长度: 740 字节
2011-02-18 11:30:56 - 文件重载成功，长度: 740 字节
2011-02-18 11:30:57 - 找不到器件
2011-02-18 11:30:58 - 文件重载成功，长度: 740 字节
2011-02-18 11:30:58 - 找不到器件
2011-02-18 11:30:58 - 文件重载成功，长度: 740 字节
2011-02-18 11:30:59 - 找不到器件
2011-02-18 11:31:00 - 文件重载成功，长度: 740 字节
2011-02-18 11:31:00 - 找不到器件
2011-02-18 11:31:01 - 文件重载成功，长度: 740 字节
2011-02-18 11:31:01 - 找不到器件
2011-02-18 11:40:11 - 文件重载成功，长度: 740 字节
2011-02-18 11:40:11 - 找不到器件
2011-02-18 11:40:13 - 文件重载成功，长度: 740 字节
2011-02-18 11:40:13 - 找不到器件
2011-02-18 11:40:14 - 文件重载成功，长度: 740 字节
2011-02-18 11:40:14 - 找不到器件
2011-03-18 11:49:42 - 读入文件： F:\NRF24LE1发射\nRF24LE1.hex
2011-03-18 11:49:42 - 文件长度：0x0458 = 1112 字节 
2011-03-18 11:50:04 - 设备已连接...
2011-03-18 11:50:04 - 固件版本： 1.00.01
2011-03-18 11:50:09 - 读入文件： F:\NRF24LE1发射\nRF24LE1.hex
2011-03-18 11:50:09 - 文件长度：0x0458 = 1112 字节 
2011-03-18 11:50:11 - Unique ID: 
2011-03-18 11:50:11 -  5A 5A 43 30 4D 33 38 31 01 3A 1C 3C 30 4F B8 F7
2011-03-18 11:50:11 -  26 B1 50 0E 11 FF FF FF FF 82 FF FF FF FF FF FF
2011-03-18 11:50:11 - Infopage: 
2011-03-18 11:50:11 - 0x20: FF (NUPP)
2011-03-18 11:50:11 - 0x21: FF (Reserved)
2011-03-18 11:50:11 - 0x22: FF (Reserved)
2011-03-18 11:50:11 - 0x23: FF (RDISMB)
2011-03-18 11:50:11 - 0x24: FF (ENDEBUG)
2011-03-18 11:50:11 - 擦除器件...
2011-03-18 11:50:11 - 擦除器件.........完成
2011-03-18 11:50:11 - Unique ID: 
2011-03-18 11:50:11 -  5A 5A 43 30 4D 33 38 31 01 3A 1C 3C 30 4F B8 F7
2011-03-18 11:50:11 -  26 B1 50 0E 11 FF FF FF FF 82 FF FF FF FF FF FF
2011-03-18 11:50:11 - Infopage: 
2011-03-18 11:50:11 - 0x20: FF (NUPP)
2011-03-18 11:50:11 - 0x21: FF (Reserved)
2011-03-18 11:50:11 - 0x22: FF (Reserved)
2011-03-18 11:50:11 - 0x23: FF (RDISMB)
2011-03-18 11:50:11 - 0x24: FF (ENDEBUG)
2011-03-18 11:50:11 - 编程器件...
2011-03-18 11:50:11 - 编程器件.........完成
2011-03-18 11:50:11 - 效验器件...
2011-03-18 11:50:12 - 效验器件.........OK
2011-03-18 11:50:29 - 读入文件： F:\NRF24LE1发射\nRF24LE1.hex
2011-03-18 11:50:29 - 文件长度：0x0458 = 1112 字节 
2011-03-18 11:50:30 - 文件重载成功，长度: 1112 字节
2011-03-18 11:50:30 - Unique ID: 
2011-03-18 11:50:30 -  5A 5A 43 30 4D 33 38 31 01 3A 1C 3C 30 4F B8 F7
2011-03-18 11:50:30 -  26 B1 50 0E 11 FF FF FF FF 82 FF FF FF FF FF FF
2011-03-18 11:50:30 - Infopage: 
2011-03-18 11:50:30 - 0x20: FF (NUPP)
2011-03-18 11:50:30 - 0x21: FF (Reserved)
2011-03-18 11:50:30 - 0x22: FF (Reserved)
2011-03-18 11:50:30 - 0x23: FF (RDISMB)
2011-03-18 11:50:30 - 0x24: FF (ENDEBUG)
2011-03-18 11:50:30 - 擦除器件...
2011-03-18 11:50:31 - 擦除器件.........完成
2011-03-18 11:50:31 - Unique ID: 
2011-03-18 11:50:31 -  5A 5A 43 30 4D 33 38 31 01 3A 1C 3C 30 4F B8 F7
2011-03-18 11:50:31 -  26 B1 50 0E 11 FF FF FF FF 82 FF FF FF FF FF FF
2011-03-18 11:50:31 - Infopage: 
2011-03-18 11:50:31 - 0x20: FF (NUPP)
2011-03-18 11:50:31 - 0x21: FF (Reserved)
2011-03-18 11:50:31 - 0x22: FF (Reserved)
2011-03-18 11:50:31 - 0x23: FF (RDISMB)
2011-03-18 11:50:31 - 0x24: FF (ENDEBUG)
2011-03-18 11:50:31 - 编程器件...
2011-03-18 11:50:31 - 编程器件.........完成
2011-03-18 11:50:31 - 效验器件...
2011-03-18 11:50:31 - 效验器件.........OK
2011-03-18 12:04:18 - 读入文件： F:\NRF24LE1发射\nRF24LE1.hex
2011-03-18 12:04:18 - 文件长度：0x0466 = 1126 字节 
2011-03-18 12:04:36 - 读入文件： F:\NRF24LE1发射\nRF24LE1.hex
2011-03-18 12:04:36 - 文件长度：0x0466 = 1126 字节 
2011-03-18 12:04:49 - 读入文件： F:\NRF24LE1发射\nRF24LE1.hex
2011-03-18 12:04:49 - 文件长度：0x0466 = 1126 字节 
2011-03-18 12:04:59 - 设备已连接...
2011-03-18 12:04:59 - 固件版本： 1.00.01
2011-03-18 12:05:02 - 读入文件： F:\NRF24LE1发射\nRF24LE1.hex
2011-03-18 12:05:02 - 文件长度：0x0466 = 1126 字节 
2011-03-18 12:05:03 - 文件重载成功，长度: 1126 字节
2011-03-18 12:05:04 - Unique ID: 
2011-03-18 12:05:04 -  5A 5A 43 30 4D 33 38 31 01 3A 1C 3C 30 4F B8 F7
2011-03-18 12:05:04 -  26 B1 50 0E 11 FF FF FF FF 82 FF FF FF FF FF FF
2011-03-18 12:05:04 - Infopage: 
2011-03-18 12:05:04 - 0x20: FF (NUPP)
2011-03-18 12:05:04 - 0x21: FF (Reserved)
2011-03-18 12:05:04 - 0x22: FF (Reserved)
2011-03-18 12:05:04 - 0x23: FF (RDISMB)
2011-03-18 12:05:04 - 0x24: FF (ENDEBUG)
2011-03-18 12:05:04 - 擦除器件...
2011-03-18 12:05:04 - 擦除器件.........完成
2011-03-18 12:05:04 - Unique ID: 
2011-03-18 12:05:04 -  5A 5A 43 30 4D 33 38 31 01 3A 1C 3C 30 4F B8 F7
2011-03-18 12:05:04 -  26 B1 50 0E 11 FF FF FF FF 82 FF FF FF FF FF FF
2011-03-18 12:05:04 - Infopage: 
2011-03-18 12:05:04 - 0x20: FF (NUPP)
2011-03-18 12:05:04 - 0x21: FF (Reserved)
2011-03-18 12:05:04 - 0x22: FF (Reserved)
2011-03-18 12:05:04 - 0x23: FF (RDISMB)
2011-03-18 12:05:04 - 0x24: FF (ENDEBUG)
2011-03-18 12:05:04 - 编程器件...
2011-03-18 12:05:05 - 编程器件.........完成
2011-03-18 12:05:05 - 效验器件...
2011-03-18 12:05:05 - 效验器件.........OK
2011-03-18 12:11:56 - 读入文件： F:\NRF24LE1发射\nRF24LE1.hex
2011-03-18 12:11:56 - 文件长度：0x0480 = 1152 字节 
2011-03-18 12:14:27 - 设备已连接...
2011-03-18 12:14:27 - 固件版本： 1.00.01
2011-03-18 12:15:03 - 读入文件： F:\NRF24LE1发射\nRF24LE1.hex
2011-03-18 12:15:03 - 文件长度：0x0480 = 1152 字节 
2011-03-18 12:15:05 - 文件重载成功，长度: 1152 字节
2011-03-18 12:15:05 - Unique ID: 
2011-03-18 12:15:05 -  5A 5A 43 30 42 35 32 31 05 28 39 FF FF FF FF FF
2011-03-18 12:15:05 -  26 B1 51 0F 0B FF FF FF FF 82 FF FF FF FF FF FF
2011-03-18 12:15:05 - Infopage: 
2011-03-18 12:15:05 - 0x20: FF (NUPP)
2011-03-18 12:15:05 - 0x21: FF (Reserved)
2011-03-18 12:15:05 - 0x22: FF (Reserved)
2011-03-18 12:15:05 - 0x23: FF (RDISMB)
2011-03-18 12:15:05 - 0x24: FF (ENDEBUG)
2011-03-18 12:15:05 - 擦除器件...
2011-03-18 12:15:06 - 擦除器件.........完成
2011-03-18 12:15:06 - Unique ID: 
2011-03-18 12:15:06 -  5A 5A 43 30 42 35 32 31 05 28 39 FF FF FF FF FF
2011-03-18 12:15:06 -  26 B1 51 0F 0B FF FF FF FF 82 FF FF FF FF FF FF
2011-03-18 12:15:06 - Infopage: 
2011-03-18 12:15:06 - 0x20: FF (NUPP)
2011-03-18 12:15:06 - 0x21: FF (Reserved)
2011-03-18 12:15:06 - 0x22: FF (Reserved)
2011-03-18 12:15:06 - 0x23: FF (RDISMB)
2011-03-18 12:15:06 - 0x24: FF (ENDEBUG)
2011-03-18 12:15:06 - 编程器件...
2011-03-18 12:15:06 - 编程器件.........完成
2011-03-18 12:15:06 - 效验器件...
2011-03-18 12:15:07 - 效验器件.........OK
