C51 COMPILER V7.06   IZUVO_STC                                                             03/18/2012 16:08:18 PAGE 1   


C51 COMPILER V7.06, COMPILATION OF MODULE IZUVO_STC
OBJECT MODULE PLACED IN izuvo_stc.obj
COMPILER INVOKED BY: C:\Keil2\C51\BIN\C51.EXE src\izuvo_stc.c BROWSE DEBUG OBJECTEXTEND PRINT(.\izuvo_stc.lst) OBJECT(iz
                    -uvo_stc.obj)

stmt level    source

   1          
   2          #include "izuvo_stc.h"
   3          
   4          // STC register
   5          
   6          sfr P1M1 = 0x91;
   7          sfr P1M0 = 0x92;
   8          sfr P0M1 = 0x93;
   9          sfr P0M0 = 0x94;
  10          sfr AUXR = 0x8e;
  11          sfr     BRT      = 0x9c;
  12          
  13          
  14          // ***************************************************
  15          // Global variable
  16          //****************************************************
  17          
  18          unsigned char mCmdQ[32];                        // mCmdQ[0] = index
  19          
  20          // ***************************************************
  21          // STC UART 1 Routine
  22          //****************************************************
  23          
  24          void UART_one_Interrupt_Receive(void) interrupt 4
  25          {
  26   1          unsigned char tdata  = 0;
  27   1          if(RI==1)
  28   1          {
  29   2              RI  =   0;
  30   2              tdata   =   SBUF;
  31   2      
  32   2                      if ((tdata=='\r') || (tdata=='\n')) 
  33   2                      {
  34   3                              mCmdQ[0] |= 0x80;       // Set Cmd Rx Flag
  35   3                      }
  36   2      
  37   2                      if (mCmdQ[0] < ((sizeof(mCmdQ))-1))      
  38   2                      {
  39   3                              mCmdQ[0]++;
  40   3                              mCmdQ[mCmdQ[0]]=tdata;
  41   3                      }       
  42   2          }
  43   1          else
  44   1          {
  45   2              TI  =  0;
  46   2          }
  47   1      }
  48          
  49          void uart_tx(INT8U abyte) 
  50          {
  51   1          ES     =   0;  
  52   1          TI     =   0;  
  53   1          SBUF   =   abyte;
  54   1          while(TI ==0); 
C51 COMPILER V7.06   IZUVO_STC                                                             03/18/2012 16:08:18 PAGE 2   

  55   1          TI     =   0;  
  56   1          ES     =   1;  
  57   1      }
  58          
  59          void UART_one_init(void)
  60          {
  61   1      
  62   1      //      Init UART
  63   1              SCON  = 0x50;                           // 8-bits UART No parity
  64   1              T2CON = 0x34;
  65   1              BRT       =     RELOAD_COUNT;
  66   1              AUXR  = 0x11; 
  67   1              AUXR |= 0x04; 
  68   1          ES    =   1;    
  69   1      
  70   1      }
  71          
  72          
  73          // ***************************************************
  74          // STC Init Routine
  75          //****************************************************
  76          
  77          void init_hardware(void)
  78          {
  79   1      
  80   1              P1M0 = 0xff;
  81   1              P1M1 = 0x00;
  82   1      
  83   1      }
  84          
  85          void init_timer(void)
  86          {
  87   1      
  88   1      }
  89          
  90          void init_system(void)
  91          {
  92   1      
  93   1              unsigned char i ;
  94   1      
  95   1              for (i=0; i<sizeof(mCmdQ); i++)
  96   1              {
  97   2                      mCmdQ[i]=0;
  98   2              }
  99   1      
 100   1      
 101   1      
 102   1      }


MODULE INFORMATION:   STATIC OVERLAYABLE
   CODE SIZE        =    108    ----
   CONSTANT SIZE    =   ----    ----
   XDATA SIZE       =   ----    ----
   PDATA SIZE       =   ----    ----
   DATA SIZE        =     32    ----
   IDATA SIZE       =   ----    ----
   BIT SIZE         =   ----    ----
END OF MODULE INFORMATION.


C51 COMPILATION COMPLETE.  0 WARNING(S),  0 ERROR(S)
