C51 COMPILER V7.06   IZUVO_FAUCET_MAIN                                                     03/14/2012 17:28:54 PAGE 1   


C51 COMPILER V7.06, COMPILATION OF MODULE IZUVO_FAUCET_MAIN
OBJECT MODULE PLACED IN izuvo_faucet_main.obj
COMPILER INVOKED BY: C:\Keil2\C51\BIN\C51.EXE src\izuvo_faucet_main.c BROWSE DEBUG OBJECTEXTEND PRINT(.\izuvo_faucet_mai
                    -n.lst) OBJECT(izuvo_faucet_main.obj)

stmt level    source

   1          /*******************************************************************************
   2          
   3          *******************************************************************************/
   4          
   5          #include<reg52.h>
   6          #include <intrins.h>
   7          #include "izuvo_faucet_main.h"
   8          
   9          /*****************************************************************************
  10          ******************************************************************************/
  11          
  12          void delayms(unsigned char ms)
  13          {
  14   1              unsigned int i;
  15   1              while(ms--)
  16   1              {
  17   2              for(i = 0; i < 550; i++);
  18   2              }
  19   1      }
  20          
  21          /*****************************************************************************
  22          *  ???                                                                                                  
  23          ******************************************************************************/
  24           main()
  25          {
  26   1              unsigned char LED;
  27   1              P1M0 = 0xff;
  28   1              P1M1 = 0x00;
  29   1              LED = 0x01;
  30   1              P1 = LED;
  31   1              while(1)
  32   1              {
  33   2              delayms(250);
  34   2              LED ^= 0x01 ;           
  35   2              P1  = LED;
  36   2              }
  37   1      }


MODULE INFORMATION:   STATIC OVERLAYABLE
   CODE SIZE        =     48    ----
   CONSTANT SIZE    =   ----    ----
   XDATA SIZE       =   ----    ----
   PDATA SIZE       =   ----    ----
   DATA SIZE        =   ----    ----
   IDATA SIZE       =   ----    ----
   BIT SIZE         =   ----    ----
END OF MODULE INFORMATION.


C51 COMPILATION COMPLETE.  0 WARNING(S),  0 ERROR(S)
