[Bootstrap]
SetupTitle=安装
SetupText=正在复制文件，请等待。
CabFile=STC-ISP V38A.CAB
Spawn=Setup1.exe
Uninstal=st6unst.exe
TmpDir=msftqws.pdw
Cabs=1

[Bootstrap Files]
File1=@VB6STKIT.DLL,$(WinSysPathSysFile),,,1/16/01 12:00:00 AM,101888,6.0.84.50
File2=@MSVCRT40.DLL,$(WinSysPathSysFile),,,5/31/98 12:00:00 AM,326656,4.21.0.0
File3=@VB6CHS.DLL,$(WinSysPath),,$(Shared),10/2/00 12:00:00 AM,102160,6.0.89.88

[IconGroups]
Group0=STC_ISP_V3.8A
PrivateGroup0=True
Parent0=$(Programs)

[STC_ISP_V3.8A]
Icon1=""STC-ISP V38A.exe""
Title1=STC_ISP_V3.8A
StartIn1=$(AppPath)

[Setup]
Title=STC_ISP_V3.8A
DefaultDir=$(ProgramFiles)\STC_ISP_V3.8A
AppExe=STC-ISP V38A.exe
AppToUninstall=STC-ISP V38A.exe

[Setup1 Files]
File1=@DATGDCHS.DLL,$(WinSysPath),,$(Shared),7/7/98 12:00:00 AM,25088,6.0.81.63
File2=@msstdfmt.dll,$(WinSysPath),$(DLLSelfRegister),$(Shared),4/3/00 8:05:58 PM,118784,6.0.88.4
File3=@MSDATGRD.OCX,$(WinSysPath),$(DLLSelfRegister),$(Shared),12/6/00 12:00:00 AM,262328,6.0.89.88
File4=@MSREPL35.DLL,$(WinSysPathSysFile),,,6/13/00 12:00:00 AM,415504,3.51.2404.0
File5=@MSRD2X35.DLL,$(WinSysPathSysFile),$(DLLSelfRegister),,4/24/98 12:00:00 AM,252176,3.51.623.0
File6=@expsrv.dll,$(WinSysPathSysFile),,,8/17/04 12:00:00 PM,380957,6.0.72.9589
File7=@vbajet32.dll,$(WinSysPathSysFile),,,8/17/04 12:00:00 PM,30749,6.0.1.9431
File8=@MSJINT35.DLL,$(WinSysPathSysFile),,,6/16/98 12:00:00 AM,123664,3.51.623.0
File9=@MSJTER35.DLL,$(WinSysPathSysFile),,,4/24/98 12:00:00 AM,24848,3.51.623.0
File10=@MSCOMCHS.DLL,$(WinSysPath),,$(Shared),7/7/98 12:00:00 AM,12800,6.0.81.63
File11=@MSCOMM32.OCX,$(WinSysPath),$(DLLSelfRegister),$(Shared),6/24/98 12:00:00 AM,103744,6.0.81.69
File12=@MSCMCCHS.DLL,$(WinSysPath),,$(Shared),7/7/98 12:00:00 AM,124416,6.0.81.63
File13=@MSCOMCTL.OCX,$(WinSysPath),$(DLLSelfRegister),$(Shared),12/20/02 2:02:44 PM,1077336,6.1.95.45
File14=@CMDLGCHS.DLL,$(WinSysPath),,$(Shared),7/7/98 12:00:00 AM,28160,6.0.81.63
File15=@comdlg32.ocx,$(WinSysPath),$(DLLSelfRegister),$(Shared),5/22/00 4:58:00 PM,140488,6.0.84.18
File16=@STC-ISP V38A.exe,$(AppPath),,,10/22/07 5:10:44 PM,1552384,1.0.0.0

; 要在满的安装盘上定制该文件，需要额外的空间，下列行可能被删除。
; 
; XXXXXXXXXXXXXXXXXXXXXXXXXXXXXXXXXXXXXXXXXXXXXXXXXXXXXXXXXXXX
; XXXXXXXXXXXXXXXXXXXXXXXXXXXXXXXXXXXXXXXXXXXXXXXXXXXXXXXXXXXX
; XXXXXXXXXXXXXXXXXXXXXXXXXXXXXXXXXXXXXXXXXXXXXXXXXXXXXXXXXXXX
; XXXXXXXXXXXXXXXXXXXXXXXXXXXXXXXXXXXXXXXXXXXXXXXXXXXXXXXXXXXX
; XXXXXXXXXXXXXXXXXXXXXXXXXXXXXXXXXXXXXXXXXXXXXXXXXXXXXXXXXXXX
; XXXXXXXXXXXXXXXXXXXXXXXXXXXXXXXXXXXXXXXXXXXXXXXXXXXXXXXXXXXX
; XXXXXXXXXXXXXXXXXXXXXXXXXXXXXXXXXXXXXXXXXXXXXXXXXXXXXXXXXXXX
; XXXXXXXXXXXXXXXXXXXXXXXXXXXXXXXXXXXXXXXXXXXXXXXXXXXXXXXXXXXX
; XXXXXXXXXXXXXXXXXXXXXXXXXXXXXXXXXXXXXXXXXXXXXXXXXXXXXXXXXXXX
; XXXXXXXXXXXXXXXXXXXXXXXXXXXXXXXXXXXXXXXXXXXXXXXXXXXXXXXXXXXX
; XXXXXXXXXXXXXXXXXXXXXXXXXXXXXXXXXXXXXXXXXXXXXXXXXXXXXXXXXXXX
; XXXXXXXXXXXXXXXXXXXXXXXXXXXXXXXXXXXXXXXXXXXXXXXXXXXXXXXXXXXX
; XXXXXXXXXXXXXXXXXXXXXXXXXXXXXXXXXXXXXXXXXXXXXXXXXXXXXXXXXXXX
; XXXXXXXXXXXXXXXXXXXXXXXXXXXXXXXXXXXXXXXXXXXXXXXXXXXXXXXXXXXX
; XXXXXXXXXXXXXXXXXXXXXXXXXXXXXXXXXXXXXXXXXXXXXXXXXXXXXXXXXXXX
; XXXXXXXXXXXXXXXXXXXXXXXXXXXXXXXXXXXXXXXXXXXXXXXXXXXXXXXXXXXX
; XXXXXXXXXXXXXXXXXXXXXXXXXXXXXXXXXXXXXXXXXXXXXXXXXXXXXXXXXXXX
; XXXXXXXXXXXXXXXXXXXXXXXXXXXXXXXXXXXXXXXXXXXXXXXXXXXXXXXXXXXX
; XXXXXXXXXXXXXXXXXXXXXXXXXXXXXXXXXXXXXXXXXXXXXXXXXXXXXXXXXXXX
; XXXXXXXXXXXXXXXXXXXXXXXXXXXXXXXXXXXXXXXXXXXXXXXXXXXXXXXXXXXX
; XXXXXXXXXXXXXXXXXXXXXXXXXXXXXXXXXXXXXXXXXXXXXXXXXXXXXXXXXXXX
; XXXXXXXXXXXXXXXXXXXXXXXXXXXXXXXXXXXXXXXXXXXXXXXXXXXXXXXXXXXX
; XXXXXXXXXXXXXXXXXXXXXXXXXXXXXXXXXXXXXXXXXXXXXXXXXXXXXXXXXXXX
; XXXXXXXXXXXXXXXXXXXXXXXXXXXXXXXXXXXXXXXXXXXXXXXXXXXXXXXXXXXX
; XXXXXXXXXXXXXXXXXXXXXXXXXXXXXXXXXXXXXXXXXXXXXXXXXXXXXXXXXXXX
; XXXXXXXXXXXXXXXXXXXXXXXXXXXXXXXXXXXXXXXXXXXXXXXXXXXXXXXXXXXX
; XXXXXXXXXXXXXXXXXXXXXXXXXXXXXXXXXXXXXXXXXXXXXXXXXXXXXXXXXXXX
; XXXXXXXXXXXXXXXXXXXXXXXXXXXXXXXXXXXXXXXXXXXXXXXXXXXXXXXXXXXX
; XXXXXXXXXXXXXXXXXXXXXXXXXXXXXXXXXXXXXXXXXXXXXXXXXXXXXXXXXXXX
; XXXXXXXXXXXXXXXXXXXXXXXXXXXXXXXXXXXXXXXXXXXXXXXXXXXXXXXXXXXX
; XXXXXXXXXXXXXXXXXXXXXXXXXXXXXXXXXXXXXXXXXXXXXXXXXXXXXXXXXXXX
; XXXXXXXXXXXXXXXXXXXXXXXXXXXXXXXXXXXXXXXXXXXXXXXXXXXXXXXXXXXX
; XXXXXXXXXXXXXXXXXXXXXXXXXXXXXXXXXXXXXXXXXXXXXXXXXXXXXXXXXXXX
; XXXXXXXXXXXXXXXXXXXXXXXXXXXXXXXXXXXXXXXXXXXXXXXXXXXXXXXXXXXX
; XXXXXXXXXXXXXXXXXXXXXXXXXXXXXXXXXXXXXXXXXXXXXXXXXXXXXXXXXXXX
