C51 COMPILER V7.06   HELLO                                                                 01/19/2012 16:50:26 PAGE 1   


C51 COMPILER V7.06, COMPILATION OF MODULE HELLO
OBJECT MODULE PLACED IN HELLO.OBJ
COMPILER INVOKED BY: C:\Keil2\C51\BIN\C51.EXE HELLO.C DEBUG OBJECTEXTEND

stmt level    source

   1          /*------------------------------------------------------------------------------
   2          HELLO.C
   3          
   4          Copyright 1995-1999 Keil Software, Inc.
   5          ------------------------------------------------------------------------------*/
   6          
   7          #include <REG52.H>                /* special function register declarations   */
   8                                            /* for the intended 8051 derivative         */
   9          
  10          #include <stdio.h>                /* prototype declarations for I/O functions */
  11          
  12          
  13          #ifdef MONITOR51                         /* Debugging with Monitor-51 needs   */
              char code reserve [3] _at_ 0x23;         /* space for serial interrupt if     */
              #endif                                   /* Stop Exection with Serial Intr.   */
  16                                                   /* is enabled                        */
  17          #define FOSC 18432000L
  18          #define T1MS (65536 - FOSC/12/1000)
  19          
  20          
  21          /* Timer0 interrupt routine */
  22          
  23          void tm0_isr() interrupt 1 using 1
  24          {
  25   1      
  26   1              static unsigned int count=0;
  27   1              TL0 = T1MS;
  28   1              TH0 = T1MS >> 8;
  29   1              if (count -- == 0)
  30   1              {
  31   2                      count = 250;
  32   2                      P1 ^= 0x02;
  33   2              }
  34   1      
  35   1      }
  36          
  37          
  38          
  39          /*------------------------------------------------
  40          The main C function.  Program execution starts
  41          here after stack initialization.
  42          ------------------------------------------------*/
  43          void main (void) {
  44   1      
  45   1      /*------------------------------------------------
  46   1      Setup the serial port for 1200 baud at 16MHz.
  47   1      ------------------------------------------------*/
  48   1      #ifndef MONITOR51
  49   1          SCON  = 0x50;                       /* SCON: mode 1, 8-bit UART, enable rcvr      */
  50   1          TMOD |= 0x20;               /* TMOD: timer 1, mode 2, 8-bit reload        */
  51   1          TH1   = 221;                /* TH1:  reload value for 1200 baud @ 16MHz   */
  52   1          TR1   = 1;                  /* TR1:  timer 1 run                          */
  53   1          TI    = 1;                  /* TI:   set TI to send first char of UART    */
  54   1      #endif
  55   1      
C51 COMPILER V7.06   HELLO                                                                 01/19/2012 16:50:26 PAGE 2   

  56   1      //      Timer0 : produce 1ms Interrupt
  57   1              TMOD    = 0x01;                         // Set Timer0 to 16bits mode
  58   1              TL0     = T1MS;                         // Init Timer Lower Byte
  59   1              TH0             = T1MS >> 8;            // Init Timer Higher Byte
  60   1              TR0             = 1;                            // Start Timer0
  61   1              ET0             = 1;                            // Enable Timer0 Interrupt
  62   1              EA              = 1;                            // Enable Global Interrupt
  63   1      
  64   1      /*------------------------------------------------
  65   1      Note that an embedded program never exits (because
  66   1      there is no operating system to return to).  It
  67   1      must loop and execute forever.
  68   1      ------------------------------------------------*/
  69   1        while (1) {
  70   2          P1 ^= 0x01;                     /* Toggle P1.0 each time we print */
  71   2      //    printf ("Hello World\n");   /* Print "Hello World" */
  72   2        }
  73   1      }
  74          
  75          


MODULE INFORMATION:   STATIC OVERLAYABLE
   CODE SIZE        =     72    ----
   CONSTANT SIZE    =   ----    ----
   XDATA SIZE       =   ----    ----
   PDATA SIZE       =   ----    ----
   DATA SIZE        =      2    ----
   IDATA SIZE       =   ----    ----
   BIT SIZE         =   ----    ----
END OF MODULE INFORMATION.


C51 COMPILATION COMPLETE.  0 WARNING(S),  0 ERROR(S)
